<?xml version="1.0" encoding="UTF-8"?>
<!-- Generated by org.testng.reporters.JUnitReportReporter -->
<testsuite hostname="51ITLTC09FCB" failures="0" tests="3" name="com.test.SampleTest" time="13.840" errors="0" timestamp="2022-01-05T16:52:41 GMT" skipped="0">
  <testcase classname="com.test.SampleTest" name="testCase1" time="4.295"/>
  <system-out/>
  <testcase classname="com.test.SampleTest" name="testCase2" time="4.293"/>
  <system-out/>
  <testcase classname="com.test.SampleTest" name="testCase3" time="5.252"/>
  <system-out/>
</testsuite> <!-- com.test.SampleTest -->
